<?xml version="1.0" encoding="UTF-8"?>
<testsuite xmlns:xsi="http://www.w3.org/2001/XMLSchema-instance" xsi:noNamespaceSchemaLocation="https://maven.apache.org/surefire/maven-surefire-plugin/xsd/surefire-test-report-3.0.xsd" version="3.0" name="com.camunda.iot.IotDemo.ProcessUnitTest" time="7.842" tests="1" errors="0" skipped="0" failures="0">
  <properties>
    <property name="java.specification.version" value="17"/>
    <property name="sun.cpu.isalist" value="amd64"/>
    <property name="sun.jnu.encoding" value="Cp1252"/>
    <property name="java.class.path" value="C:\Users\ruben\eclipse-workspace\IotDemo\target\test-classes;C:\Users\ruben\eclipse-workspace\IotDemo\target\classes;C:\Users\ruben\.m2\repository\org\camunda\bpm\camunda-engine\7.20.0\camunda-engine-7.20.0.jar;C:\Users\ruben\.m2\repository\org\camunda\bpm\model\camunda-bpmn-model\7.20.0\camunda-bpmn-model-7.20.0.jar;C:\Users\ruben\.m2\repository\org\camunda\bpm\model\camunda-xml-model\7.20.0\camunda-xml-model-7.20.0.jar;C:\Users\ruben\.m2\repository\org\camunda\bpm\model\camunda-cmmn-model\7.20.0\camunda-cmmn-model-7.20.0.jar;C:\Users\ruben\.m2\repository\org\camunda\bpm\juel\camunda-juel\7.20.0\camunda-juel-7.20.0.jar;C:\Users\ruben\.m2\repository\org\camunda\bpm\dmn\camunda-engine-dmn\7.20.0\camunda-engine-dmn-7.20.0.jar;C:\Users\ruben\.m2\repository\org\camunda\bpm\model\camunda-dmn-model\7.20.0\camunda-dmn-model-7.20.0.jar;C:\Users\ruben\.m2\repository\org\camunda\bpm\dmn\camunda-engine-feel-api\7.20.0\camunda-engine-feel-api-7.20.0.jar;C:\Users\ruben\.m2\repository\org\camunda\bpm\dmn\camunda-engine-feel-juel\7.20.0\camunda-engine-feel-juel-7.20.0.jar;C:\Users\ruben\.m2\repository\org\camunda\bpm\dmn\camunda-engine-feel-scala\7.20.0\camunda-engine-feel-scala-7.20.0.jar;C:\Users\ruben\.m2\repository\org\camunda\feel\feel-engine\1.16.2\feel-engine-1.16.2-scala-shaded.jar;C:\Users\ruben\.m2\repository\org\camunda\commons\camunda-commons-logging\1.13.0\camunda-commons-logging-1.13.0.jar;C:\Users\ruben\.m2\repository\org\camunda\commons\camunda-commons-typed-values\7.20.0\camunda-commons-typed-values-7.20.0.jar;C:\Users\ruben\.m2\repository\org\mybatis\mybatis\3.5.6\mybatis-3.5.6.jar;C:\Users\ruben\.m2\repository\org\springframework\spring-beans\5.3.27\spring-beans-5.3.27.jar;C:\Users\ruben\.m2\repository\org\springframework\spring-core\5.3.27\spring-core-5.3.27.jar;C:\Users\ruben\.m2\repository\org\springframework\spring-jcl\5.3.27\spring-jcl-5.3.27.jar;C:\Users\ruben\.m2\repository\joda-time\joda-time\2.1\joda-time-2.1.jar;C:\Users\ruben\.m2\repository\org\camunda\connect\camunda-connect-core\1.6.0\camunda-connect-core-1.6.0.jar;C:\Users\ruben\.m2\repository\org\camunda\connect\camunda-connect-connectors-all\1.6.0\camunda-connect-connectors-all-1.6.0.jar;C:\Users\ruben\.m2\repository\org\camunda\bpm\camunda-bpm-assert\7.20.0\camunda-bpm-assert-7.20.0.jar;C:\Users\ruben\.m2\repository\org\assertj\assertj-core\3.24.2\assertj-core-3.24.2.jar;C:\Users\ruben\.m2\repository\net\bytebuddy\byte-buddy\1.12.21\byte-buddy-1.12.21.jar;C:\Users\ruben\.m2\repository\org\camunda\spin\camunda-spin-dataformat-all\1.22.0\camunda-spin-dataformat-all-1.22.0.jar;C:\Users\ruben\.m2\repository\org\camunda\spin\camunda-spin-core\1.22.0\camunda-spin-core-1.22.0.jar;C:\Users\ruben\.m2\repository\org\slf4j\slf4j-api\1.7.26\slf4j-api-1.7.26.jar;C:\Users\ruben\.m2\repository\org\camunda\commons\camunda-commons-utils\1.13.0\camunda-commons-utils-1.13.0.jar;C:\Users\ruben\.m2\repository\org\camunda\bpm\camunda-engine-plugin-spin\7.20.0\camunda-engine-plugin-spin-7.20.0.jar;C:\Users\ruben\.m2\repository\org\camunda\template-engines\camunda-template-engines-freemarker\2.2.0\camunda-template-engines-freemarker-2.2.0.jar;C:\Users\ruben\.m2\repository\org\freemarker\freemarker\2.3.31\freemarker-2.3.31.jar;C:\Users\ruben\.m2\repository\javax\servlet\javax.servlet-api\3.1.0\javax.servlet-api-3.1.0.jar;C:\Users\ruben\.m2\repository\org\camunda\bpm\camunda-bpm-junit5\7.20.0\camunda-bpm-junit5-7.20.0.jar;C:\Users\ruben\.m2\repository\org\camunda\bpm\dmn\camunda-dmn-junit5\7.20.0\camunda-dmn-junit5-7.20.0.jar;C:\Users\ruben\.m2\repository\com\h2database\h2\2.1.214\h2-2.1.214.jar;C:\Users\ruben\.m2\repository\com\sun\mail\javax.mail\1.4.5\javax.mail-1.4.5.jar;C:\Users\ruben\.m2\repository\javax\activation\activation\1.1\activation-1.1.jar;C:\Users\ruben\.m2\repository\org\camunda\community\process_test_coverage\camunda-process-test-coverage-junit5-platform-7\2.1.0\camunda-process-test-coverage-junit5-platform-7-2.1.0.jar;C:\Users\ruben\.m2\repository\org\camunda\community\process_test_coverage\camunda-process-test-coverage-engine-platform-7\2.1.0\camunda-process-test-coverage-engine-platform-7-2.1.0.jar;C:\Users\ruben\.m2\repository\org\camunda\community\process_test_coverage\camunda-process-test-coverage-core\2.1.0\camunda-process-test-coverage-core-2.1.0.jar;C:\Users\ruben\.m2\repository\org\camunda\community\process_test_coverage\camunda-process-test-coverage-report-generator\2.1.0\camunda-process-test-coverage-report-generator-2.1.0.jar;C:\Users\ruben\.m2\repository\org\apache\commons\commons-lang3\3.12.0\commons-lang3-3.12.0.jar;C:\Users\ruben\.m2\repository\io\github\microutils\kotlin-logging-jvm\3.0.0\kotlin-logging-jvm-3.0.0.jar;C:\Users\ruben\.m2\repository\org\jetbrains\kotlin\kotlin-stdlib-common\1.6.0\kotlin-stdlib-common-1.6.0.jar;C:\Users\ruben\.m2\repository\org\jetbrains\kotlin\kotlin-stdlib-jdk8\1.6.0\kotlin-stdlib-jdk8-1.6.0.jar;C:\Users\ruben\.m2\repository\org\jetbrains\kotlin\kotlin-stdlib\1.6.0\kotlin-stdlib-1.6.0.jar;C:\Users\ruben\.m2\repository\org\jetbrains\annotations\13.0\annotations-13.0.jar;C:\Users\ruben\.m2\repository\org\jetbrains\kotlin\kotlin-stdlib-jdk7\1.6.0\kotlin-stdlib-jdk7-1.6.0.jar;C:\Users\ruben\.m2\repository\org\junit\jupiter\junit-jupiter\5.8.2\junit-jupiter-5.8.2.jar;C:\Users\ruben\.m2\repository\org\junit\jupiter\junit-jupiter-api\5.8.2\junit-jupiter-api-5.8.2.jar;C:\Users\ruben\.m2\repository\org\opentest4j\opentest4j\1.2.0\opentest4j-1.2.0.jar;C:\Users\ruben\.m2\repository\org\junit\platform\junit-platform-commons\1.8.2\junit-platform-commons-1.8.2.jar;C:\Users\ruben\.m2\repository\org\apiguardian\apiguardian-api\1.1.2\apiguardian-api-1.1.2.jar;C:\Users\ruben\.m2\repository\org\junit\jupiter\junit-jupiter-params\5.8.2\junit-jupiter-params-5.8.2.jar;C:\Users\ruben\.m2\repository\org\junit\jupiter\junit-jupiter-engine\5.8.2\junit-jupiter-engine-5.8.2.jar;C:\Users\ruben\.m2\repository\org\junit\platform\junit-platform-engine\1.8.2\junit-platform-engine-1.8.2.jar;C:\Users\ruben\.m2\repository\org\camunda\bpm\extension\camunda-bpm-junit5\1.1.0\camunda-bpm-junit5-1.1.0.jar;C:\Users\ruben\.m2\repository\org\camunda\community\process_test_coverage\camunda-process-test-coverage-spring-test-platform-7\2.1.0\camunda-process-test-coverage-spring-test-platform-7-2.1.0.jar;C:\Users\ruben\.m2\repository\ch\qos\logback\logback-classic\1.2.12\logback-classic-1.2.12.jar;C:\Users\ruben\.m2\repository\ch\qos\logback\logback-core\1.2.12\logback-core-1.2.12.jar;C:\Users\ruben\.m2\repository\org\slf4j\jcl-over-slf4j\1.7.36\jcl-over-slf4j-1.7.36.jar;C:\Users\ruben\.m2\repository\org\slf4j\jul-to-slf4j\1.7.36\jul-to-slf4j-1.7.36.jar;C:\Users\ruben\.m2\repository\com\google\code\gson\gson\2.9.1\gson-2.9.1.jar;"/>
    <property name="java.vm.vendor" value="Eclipse Adoptium"/>
    <property name="sun.arch.data.model" value="64"/>
    <property name="user.variant" value=""/>
    <property name="java.vendor.url" value="https://adoptium.net/"/>
    <property name="user.timezone" value="America/Mexico_City"/>
    <property name="os.name" value="Windows 11"/>
    <property name="java.vm.specification.version" value="17"/>
    <property name="sun.java.launcher" value="SUN_STANDARD"/>
    <property name="user.country" value="MX"/>
    <property name="sun.boot.library.path" value="C:\Users\ruben\OneDrive\Documentos\eclipse\eclipse-java-2023-03-R-win32-x86_64\eclipse\plugins\org.eclipse.justj.openjdk.hotspot.jre.full.win32.x86_64_17.0.6.v20230204-1729\jre\bin"/>
    <property name="sun.java.command" value="C:\Users\ruben\AppData\Local\Temp\surefire4783775874105030245\surefirebooter-20240314120642908_3.jar C:\Users\ruben\AppData\Local\Temp\surefire4783775874105030245 2024-03-14T12-06-42_579-jvmRun1 surefire-20240314120642908_1tmp surefire_0-20240314120642908_2tmp"/>
    <property name="jdk.debug" value="release"/>
    <property name="surefire.test.class.path" value="C:\Users\ruben\eclipse-workspace\IotDemo\target\test-classes;C:\Users\ruben\eclipse-workspace\IotDemo\target\classes;C:\Users\ruben\.m2\repository\org\camunda\bpm\camunda-engine\7.20.0\camunda-engine-7.20.0.jar;C:\Users\ruben\.m2\repository\org\camunda\bpm\model\camunda-bpmn-model\7.20.0\camunda-bpmn-model-7.20.0.jar;C:\Users\ruben\.m2\repository\org\camunda\bpm\model\camunda-xml-model\7.20.0\camunda-xml-model-7.20.0.jar;C:\Users\ruben\.m2\repository\org\camunda\bpm\model\camunda-cmmn-model\7.20.0\camunda-cmmn-model-7.20.0.jar;C:\Users\ruben\.m2\repository\org\camunda\bpm\juel\camunda-juel\7.20.0\camunda-juel-7.20.0.jar;C:\Users\ruben\.m2\repository\org\camunda\bpm\dmn\camunda-engine-dmn\7.20.0\camunda-engine-dmn-7.20.0.jar;C:\Users\ruben\.m2\repository\org\camunda\bpm\model\camunda-dmn-model\7.20.0\camunda-dmn-model-7.20.0.jar;C:\Users\ruben\.m2\repository\org\camunda\bpm\dmn\camunda-engine-feel-api\7.20.0\camunda-engine-feel-api-7.20.0.jar;C:\Users\ruben\.m2\repository\org\camunda\bpm\dmn\camunda-engine-feel-juel\7.20.0\camunda-engine-feel-juel-7.20.0.jar;C:\Users\ruben\.m2\repository\org\camunda\bpm\dmn\camunda-engine-feel-scala\7.20.0\camunda-engine-feel-scala-7.20.0.jar;C:\Users\ruben\.m2\repository\org\camunda\feel\feel-engine\1.16.2\feel-engine-1.16.2-scala-shaded.jar;C:\Users\ruben\.m2\repository\org\camunda\commons\camunda-commons-logging\1.13.0\camunda-commons-logging-1.13.0.jar;C:\Users\ruben\.m2\repository\org\camunda\commons\camunda-commons-typed-values\7.20.0\camunda-commons-typed-values-7.20.0.jar;C:\Users\ruben\.m2\repository\org\mybatis\mybatis\3.5.6\mybatis-3.5.6.jar;C:\Users\ruben\.m2\repository\org\springframework\spring-beans\5.3.27\spring-beans-5.3.27.jar;C:\Users\ruben\.m2\repository\org\springframework\spring-core\5.3.27\spring-core-5.3.27.jar;C:\Users\ruben\.m2\repository\org\springframework\spring-jcl\5.3.27\spring-jcl-5.3.27.jar;C:\Users\ruben\.m2\repository\joda-time\joda-time\2.1\joda-time-2.1.jar;C:\Users\ruben\.m2\repository\org\camunda\connect\camunda-connect-core\1.6.0\camunda-connect-core-1.6.0.jar;C:\Users\ruben\.m2\repository\org\camunda\connect\camunda-connect-connectors-all\1.6.0\camunda-connect-connectors-all-1.6.0.jar;C:\Users\ruben\.m2\repository\org\camunda\bpm\camunda-bpm-assert\7.20.0\camunda-bpm-assert-7.20.0.jar;C:\Users\ruben\.m2\repository\org\assertj\assertj-core\3.24.2\assertj-core-3.24.2.jar;C:\Users\ruben\.m2\repository\net\bytebuddy\byte-buddy\1.12.21\byte-buddy-1.12.21.jar;C:\Users\ruben\.m2\repository\org\camunda\spin\camunda-spin-dataformat-all\1.22.0\camunda-spin-dataformat-all-1.22.0.jar;C:\Users\ruben\.m2\repository\org\camunda\spin\camunda-spin-core\1.22.0\camunda-spin-core-1.22.0.jar;C:\Users\ruben\.m2\repository\org\slf4j\slf4j-api\1.7.26\slf4j-api-1.7.26.jar;C:\Users\ruben\.m2\repository\org\camunda\commons\camunda-commons-utils\1.13.0\camunda-commons-utils-1.13.0.jar;C:\Users\ruben\.m2\repository\org\camunda\bpm\camunda-engine-plugin-spin\7.20.0\camunda-engine-plugin-spin-7.20.0.jar;C:\Users\ruben\.m2\repository\org\camunda\template-engines\camunda-template-engines-freemarker\2.2.0\camunda-template-engines-freemarker-2.2.0.jar;C:\Users\ruben\.m2\repository\org\freemarker\freemarker\2.3.31\freemarker-2.3.31.jar;C:\Users\ruben\.m2\repository\javax\servlet\javax.servlet-api\3.1.0\javax.servlet-api-3.1.0.jar;C:\Users\ruben\.m2\repository\org\camunda\bpm\camunda-bpm-junit5\7.20.0\camunda-bpm-junit5-7.20.0.jar;C:\Users\ruben\.m2\repository\org\camunda\bpm\dmn\camunda-dmn-junit5\7.20.0\camunda-dmn-junit5-7.20.0.jar;C:\Users\ruben\.m2\repository\com\h2database\h2\2.1.214\h2-2.1.214.jar;C:\Users\ruben\.m2\repository\com\sun\mail\javax.mail\1.4.5\javax.mail-1.4.5.jar;C:\Users\ruben\.m2\repository\javax\activation\activation\1.1\activation-1.1.jar;C:\Users\ruben\.m2\repository\org\camunda\community\process_test_coverage\camunda-process-test-coverage-junit5-platform-7\2.1.0\camunda-process-test-coverage-junit5-platform-7-2.1.0.jar;C:\Users\ruben\.m2\repository\org\camunda\community\process_test_coverage\camunda-process-test-coverage-engine-platform-7\2.1.0\camunda-process-test-coverage-engine-platform-7-2.1.0.jar;C:\Users\ruben\.m2\repository\org\camunda\community\process_test_coverage\camunda-process-test-coverage-core\2.1.0\camunda-process-test-coverage-core-2.1.0.jar;C:\Users\ruben\.m2\repository\org\camunda\community\process_test_coverage\camunda-process-test-coverage-report-generator\2.1.0\camunda-process-test-coverage-report-generator-2.1.0.jar;C:\Users\ruben\.m2\repository\org\apache\commons\commons-lang3\3.12.0\commons-lang3-3.12.0.jar;C:\Users\ruben\.m2\repository\io\github\microutils\kotlin-logging-jvm\3.0.0\kotlin-logging-jvm-3.0.0.jar;C:\Users\ruben\.m2\repository\org\jetbrains\kotlin\kotlin-stdlib-common\1.6.0\kotlin-stdlib-common-1.6.0.jar;C:\Users\ruben\.m2\repository\org\jetbrains\kotlin\kotlin-stdlib-jdk8\1.6.0\kotlin-stdlib-jdk8-1.6.0.jar;C:\Users\ruben\.m2\repository\org\jetbrains\kotlin\kotlin-stdlib\1.6.0\kotlin-stdlib-1.6.0.jar;C:\Users\ruben\.m2\repository\org\jetbrains\annotations\13.0\annotations-13.0.jar;C:\Users\ruben\.m2\repository\org\jetbrains\kotlin\kotlin-stdlib-jdk7\1.6.0\kotlin-stdlib-jdk7-1.6.0.jar;C:\Users\ruben\.m2\repository\org\junit\jupiter\junit-jupiter\5.8.2\junit-jupiter-5.8.2.jar;C:\Users\ruben\.m2\repository\org\junit\jupiter\junit-jupiter-api\5.8.2\junit-jupiter-api-5.8.2.jar;C:\Users\ruben\.m2\repository\org\opentest4j\opentest4j\1.2.0\opentest4j-1.2.0.jar;C:\Users\ruben\.m2\repository\org\junit\platform\junit-platform-commons\1.8.2\junit-platform-commons-1.8.2.jar;C:\Users\ruben\.m2\repository\org\apiguardian\apiguardian-api\1.1.2\apiguardian-api-1.1.2.jar;C:\Users\ruben\.m2\repository\org\junit\jupiter\junit-jupiter-params\5.8.2\junit-jupiter-params-5.8.2.jar;C:\Users\ruben\.m2\repository\org\junit\jupiter\junit-jupiter-engine\5.8.2\junit-jupiter-engine-5.8.2.jar;C:\Users\ruben\.m2\repository\org\junit\platform\junit-platform-engine\1.8.2\junit-platform-engine-1.8.2.jar;C:\Users\ruben\.m2\repository\org\camunda\bpm\extension\camunda-bpm-junit5\1.1.0\camunda-bpm-junit5-1.1.0.jar;C:\Users\ruben\.m2\repository\org\camunda\community\process_test_coverage\camunda-process-test-coverage-spring-test-platform-7\2.1.0\camunda-process-test-coverage-spring-test-platform-7-2.1.0.jar;C:\Users\ruben\.m2\repository\ch\qos\logback\logback-classic\1.2.12\logback-classic-1.2.12.jar;C:\Users\ruben\.m2\repository\ch\qos\logback\logback-core\1.2.12\logback-core-1.2.12.jar;C:\Users\ruben\.m2\repository\org\slf4j\jcl-over-slf4j\1.7.36\jcl-over-slf4j-1.7.36.jar;C:\Users\ruben\.m2\repository\org\slf4j\jul-to-slf4j\1.7.36\jul-to-slf4j-1.7.36.jar;C:\Users\ruben\.m2\repository\com\google\code\gson\gson\2.9.1\gson-2.9.1.jar;"/>
    <property name="sun.cpu.endian" value="little"/>
    <property name="user.home" value="C:\Users\ruben"/>
    <property name="user.language" value="es"/>
    <property name="java.specification.vendor" value="Oracle Corporation"/>
    <property name="java.version.date" value="2023-01-17"/>
    <property name="java.home" value="C:\Users\ruben\OneDrive\Documentos\eclipse\eclipse-java-2023-03-R-win32-x86_64\eclipse\plugins\org.eclipse.justj.openjdk.hotspot.jre.full.win32.x86_64_17.0.6.v20230204-1729\jre"/>
    <property name="file.separator" value="\"/>
    <property name="style.color" value="always"/>
    <property name="basedir" value="C:\Users\ruben\eclipse-workspace\IotDemo"/>
    <property name="java.vm.compressedOopsMode" value="32-bit"/>
    <property name="line.separator" value="&#10;"/>
    <property name="java.vm.specification.vendor" value="Oracle Corporation"/>
    <property name="java.specification.name" value="Java Platform API Specification"/>
    <property name="surefire.real.class.path" value="C:\Users\ruben\AppData\Local\Temp\surefire4783775874105030245\surefirebooter-20240314120642908_3.jar"/>
    <property name="user.script" value=""/>
    <property name="sun.management.compiler" value="HotSpot 64-Bit Tiered Compilers"/>
    <property name="java.runtime.version" value="17.0.6+10"/>
    <property name="user.name" value="ruben"/>
    <property name="path.separator" value=";"/>
    <property name="os.version" value="10.0"/>
    <property name="java.runtime.name" value="OpenJDK Runtime Environment"/>
    <property name="file.encoding" value="Cp1252"/>
    <property name="java.vm.name" value="OpenJDK 64-Bit Server VM"/>
    <property name="java.vendor.version" value="Temurin-17.0.6+10"/>
    <property name="localRepository" value="C:\Users\ruben\.m2\repository"/>
    <property name="java.vendor.url.bug" value="https://github.com/adoptium/adoptium-support/issues"/>
    <property name="java.io.tmpdir" value="C:\Users\ruben\AppData\Local\Temp\"/>
    <property name="java.version" value="17.0.6"/>
    <property name="user.dir" value="C:\Users\ruben\eclipse-workspace\IotDemo"/>
    <property name="os.arch" value="amd64"/>
    <property name="java.vm.specification.name" value="Java Virtual Machine Specification"/>
    <property name="sun.os.patch.level" value=""/>
    <property name="native.encoding" value="Cp1252"/>
    <property name="java.library.path" value="C:\Users\ruben\OneDrive\Documentos\eclipse\eclipse-java-2023-03-R-win32-x86_64\eclipse\plugins\org.eclipse.justj.openjdk.hotspot.jre.full.win32.x86_64_17.0.6.v20230204-1729\jre\bin;C:\WINDOWS\Sun\Java\bin;C:\WINDOWS\system32;C:\WINDOWS;C:/Users/ruben/OneDrive/Documentos/eclipse/eclipse-java-2023-03-R-win32-x86_64/eclipse//plugins/org.eclipse.justj.openjdk.hotspot.jre.full.win32.x86_64_17.0.6.v20230204-1729/jre/bin/server;C:/Users/ruben/OneDrive/Documentos/eclipse/eclipse-java-2023-03-R-win32-x86_64/eclipse//plugins/org.eclipse.justj.openjdk.hotspot.jre.full.win32.x86_64_17.0.6.v20230204-1729/jre/bin;C:\Python312\Scripts\;C:\Python312\;C:\Program Files\Common Files\Oracle\Java\javapath;C:\Program Files (x86)\Common Files\Oracle\Java\javapath;C:\Windows\system32;C:\Windows;C:\Windows\System32\Wbem;C:\Windows\System32\WindowsPowerShell\v1.0\;C:\Windows\System32\OpenSSH\;C:\Program Files (x86)\NVIDIA Corporation\PhysX\Common;C:\Program Files\NVIDIA Corporation\NVIDIA NvDLISR;C:\Program Files\PuTTY\;C:\WINDOWS\system32;C:\WINDOWS;C:\WINDOWS\System32\Wbem;C:\WINDOWS\System32\WindowsPowerShell\v1.0\;C:\WINDOWS\System32\OpenSSH\;C:\Program Files\Git\cmd;C:\Users\ruben\AppData\Roaming\nvm;C:\Program Files\nodejs;C:\Program Files\Docker\Docker\resources\bin;C:\ProgramData\chocolatey\bin;C:\Users\ruben\AppData\Local\Microsoft\WindowsApps;C:\Users\ruben\AppData\Local\Programs\Microsoft VS Code\bin;C:\Users\ruben\AppData\Local\Google\Cloud SDK\google-cloud-sdk\bin;C:\src\flutter_windows_3.13.7-stable\flutter\bin;C:\Users\ruben\AppData\Roaming\nvm;C:\Program Files\nodejs;C:\Program Files\JetBrains\IntelliJ IDEA 2023.2.4\bin;;C:\Program Files\Maven\apache-maven-3.9.5\bin;C:\Program Files (x86)\avr8-gnu-toolchain-3.7.0.1796-win32.any.x86_64\avr8-gnu-toolchain-win32_x86_64\bin;C:\Users\ruben\OneDrive\Documentos\eclipse\eclipse-java-2023-03-R-win32-x86_64\eclipse;;."/>
    <property name="java.vm.info" value="mixed mode"/>
    <property name="java.vendor" value="Eclipse Adoptium"/>
    <property name="java.vm.version" value="17.0.6+10"/>
    <property name="sun.io.unicode.encoding" value="UnicodeLittle"/>
    <property name="java.class.version" value="61.0"/>
  </properties>
  <testcase name="testHappyPath" classname="com.camunda.iot.IotDemo.ProcessUnitTest" time="1.601">
    <system-out><![CDATA[12:06:45.946 [main] DEBUG org.camunda.bpm.engine.test - ==== BUILDING PROCESS ENGINE ========================================================================
12:06:46.646 [main] INFO  org.camunda.bpm.engine.cfg - ENGINE-12003 Plugin 'SpinProcessEnginePlugin' activated on process engine 'default'
12:06:46.657 [main] INFO  org.camunda.spin - SPIN-01010 Discovered Spin data format provider: org.camunda.spin.impl.json.jackson.format.JacksonJsonDataFormatProvider[name = application/json]
12:06:46.960 [main] INFO  org.camunda.spin - SPIN-01010 Discovered Spin data format provider: org.camunda.spin.impl.xml.dom.format.DomXmlDataFormatProvider[name = application/xml]
12:06:47.086 [main] INFO  org.camunda.spin - SPIN-01009 Discovered Spin data format: org.camunda.spin.impl.xml.dom.format.DomXmlDataFormat[name = application/xml]
12:06:47.086 [main] INFO  org.camunda.spin - SPIN-01009 Discovered Spin data format: org.camunda.spin.impl.json.jackson.format.JacksonJsonDataFormat[name = application/json]
12:06:47.331 [main] INFO  org.camunda.bpm.dmn.feel.scala - FEEL/SCALA-01001 Spin value mapper detected
12:06:47.534 [main] INFO  org.camunda.feel.FeelEngine - Engine created. [value-mapper: CompositeValueMapper(List(org.camunda.feel.impl.JavaValueMapper@408e96d9, org.camunda.spin.plugin.impl.feel.integration.SpinValueMapper@59901c4d)), function-provider: org.camunda.bpm.dmn.feel.impl.scala.function.CustomFunctionTransformer@1cec219f, clock: SystemClock, configuration: Configuration(false)]
12:06:51.526 [main] INFO  org.camunda.bpm.connect - CNCT-01004 Discovered provider for connector id 'http-connector' and class 'org.camunda.connect.httpclient.impl.HttpConnectorImpl': 'org.camunda.connect.httpclient.impl.HttpConnectorProviderImpl'
12:06:51.530 [main] INFO  org.camunda.bpm.connect - CNCT-01004 Discovered provider for connector id 'soap-http-connector' and class 'org.camunda.connect.httpclient.soap.impl.SoapHttpConnectorImpl': 'org.camunda.connect.httpclient.soap.impl.SoapHttpConnectorProviderImpl'
12:06:51.840 [main] INFO  org.camunda.bpm.engine.persistence - ENGINE-03016 Performing database operation 'create' on component 'engine' with resource 'org/camunda/bpm/engine/db/create/activiti.h2.create.engine.sql'
12:06:51.909 [main] INFO  org.camunda.bpm.engine.persistence - ENGINE-03016 Performing database operation 'create' on component 'history' with resource 'org/camunda/bpm/engine/db/create/activiti.h2.create.history.sql'
12:06:51.921 [main] INFO  org.camunda.bpm.engine.persistence - ENGINE-03016 Performing database operation 'create' on component 'identity' with resource 'org/camunda/bpm/engine/db/create/activiti.h2.create.identity.sql'
12:06:51.937 [main] INFO  org.camunda.bpm.engine.persistence - ENGINE-03016 Performing database operation 'create' on component 'case.engine' with resource 'org/camunda/bpm/engine/db/create/activiti.h2.create.case.engine.sql'
12:06:51.943 [main] INFO  org.camunda.bpm.engine.persistence - ENGINE-03016 Performing database operation 'create' on component 'case.history' with resource 'org/camunda/bpm/engine/db/create/activiti.h2.create.case.history.sql'
12:06:51.947 [main] INFO  org.camunda.bpm.engine.persistence - ENGINE-03016 Performing database operation 'create' on component 'decision.engine' with resource 'org/camunda/bpm/engine/db/create/activiti.h2.create.decision.engine.sql'
12:06:51.959 [main] INFO  org.camunda.bpm.engine.persistence - ENGINE-03016 Performing database operation 'create' on component 'decision.history' with resource 'org/camunda/bpm/engine/db/create/activiti.h2.create.decision.history.sql'
12:06:52.007 [main] INFO  org.camunda.bpm.engine.persistence - ENGINE-03067 No history level property found in database
12:06:52.013 [main] INFO  org.camunda.bpm.engine.persistence - ENGINE-03065 Creating historyLevel property in database for level: HistoryLevelFull(name=full, id=3)
12:06:52.043 [main] INFO  org.camunda.bpm.engine - ENGINE-00001 Process Engine default created.
12:06:52.046 [main] DEBUG org.camunda.bpm.engine.test - ==== PROCESS ENGINE CREATED =========================================================================
12:06:52.081 [main] INFO  o.c.b.e.j.t.ProcessEngineExtension - annotation @Deployment creates deployment for com.camunda.iot.IotDemo.ProcessUnitTest.testHappyPath
12:06:52.213 [main] WARN  org.camunda.bpm.engine.cfg - ENGINE-12016 definitionKey: IotDemo; You are using the default TTL (Time To Live) of 180 days (six months); the history clean-up feature will delete your data after six months. We recommend adjusting the TTL configuration property aligned with your specific requirements.
****watherstatus**** 000.111  null
***event_nseverity variable is null***
12:06:53.578 [main] INFO  o.c.c.p.j.p.ProcessEngineCoverageExtension - testHappyPath test method coverage is 0.5294117647058824
12:06:53.579 [main] INFO  o.c.b.e.j.t.ProcessEngineExtension - annotation @Deployment deletes deployment for com.camunda.iot.IotDemo.ProcessUnitTest.testHappyPath
]]></system-out>
    <system-err><![CDATA[mar. 14, 2024 12:06:53 P. M. com.camunda.iot.IotDemo.LoggerDelegate execute
INFORMACIÓN: 

  ... LoggerDelegate invoked by activityName='Print Complaint abaut water', activityId=Activity_0npei68, processDefinitionId=IotDemo:1:3, processInstanceId=4, businessKey=null, executionId=4, variables={
  weatherOK => Untyped 'null' value
} 


]]></system-err>
  </testcase>
</testsuite>